original
target_width: 99761, target_height: 76537
186 154 225 255 	196 164 235 255 	191 172 227 255 	192 173 228 255 	191 176 227 255 	193 178 229 255 	230 182 255 255 	209 161 239 255 	184 130 220 255 	157 103 193 255 	166 104 217 255 	164 102 215 255 	162 109 220 255 	
178 141 221 255 	193 156 236 255 	197 178 227 255 	203 184 233 255 	207 198 225 255 	203 194 221 255 	221 189 254 255 	212 180 245 255 	203 151 251 255 	168 116 216 255 	160 99 203 255  	155 94 198 255 	    156 100 207 255 	
170 128 216 255 	192 150 238 255 	207 188 231 255 	219 200 243 255 	225 219 230 255 	212 206 217 255 	213 193 246 255 	198 178 231 255 	184 134 242 255 	160 110 218 255 	152 91 189 255  	149 88 186 255  	148 91 196 255 	
169 139 222 255 	189 159 242 255 	202 192 239 255 	214 204 251 255 	223 220 246 255 	217 214 240 255 	239 213 255 255 	208 182 235 255 	176 125 215 255 	154 103 193 255 	149 85 181 255  	154 90 186 255 	    161 100 204 255 	
173 154 227 255 	189 170 243 255 	198 195 244 255 	211 208 255 255 	218 219 255 255 	221 222 255 255 	238 203 255 255 	204 169 225 255 	168 115 188 255 	148 95 168 255 	    149 78 175 255  	163 92 189 255 	    173  110 212 255 	
174 153 238 255 	182 161 246 255 	183 172 252 255 	190 179 255 255 	193 183 255 255 	197 187 255 255 	217 180 236 255 	191 154 210 255 	168 114 183 255 	156 102 171 255 	163 90 188 255  	181 108 206 255     190 127 229 255 	
186 148 244 255 	194 156 252 255 	198 163 249 255 	196 161 247 255 	193 158 245 255 	192 157 244 255 	211 141 241 255 	201 131 231 255 	183 123 211 255 	180 120 208 255 	174 126 204 255 	181 133 211 255 	181 137 226 255 	
181 142 240 255 	186 147 245 255 	187 150 242 255 	187 150 242 255 	183 152 227 255 	181 150 225 255 	194 140 237 255 	187 133 230 255 	181 131 219 255 	191 141 229 255 	200 158 236 255 	204 162 240 255 	200 158 246 255 	
174 131 234 255 	174 131 234 255 	172 131 229 255 	172 131 229 255 	170 140 205 255 	169 139 204 255 	175 136 228 255 	175 136 228 255 	178 140 228 255 	186 148 236 255 	195 156 241 255 	194 155 240 255 	188 147 238 255 	
161 118 221 255 	160 117 220 255 	159 118 215 255 	150 109 206 255 	155 121 198 255 	161 127 204 255 	166 121 214 255 	168 123 216 255 	175 130 223 255 	183 138 231 255 	189 146 237 255 	191 148 239 255 	188 145 236 255 	
152 106 212 255 	152 106 212 255 	152 110 205 255 	136 94 189 255 	    148 106 201 255 	160 118 213 255 	163 110 204 255 	166 113 207 255 	173 120 217 255 	178 125 222 255 	179 130 228 255 	184 135 233 255 	184 139 232 255 	
155 109 216 255 	145 99 206 255 	    137 93 194 255 	    119 75 176 255 	    136 92 193 255 	    149 105 206 255 	160 111 209 255 	174 125 223 255 	171 121 221 255 	173 123 223 255 	174 124 226 255 	180 130 232 255 	181 135 231 255 	
161 111 223 255 	157 107 219 255 	155 106 216 255 	142 93 203 255 	    158 109 217 255 	170 121 229 255 	163 119 218 255 	184 140 239 255 	172 128 229 255 	169 125 226 255 	168 119 223 255 	172 123 227 255 	178 129 227 255 	
remove cairo
target_width: 99761, target_height: 76537
186 154 225 255 	196 164 235 255 	191 172 227 255 	192 173 228 255 	191 176 227 255 	193 178 229 255 	230 182 255 255 	209 161 239 255 	184 130 220 255 	157 103 193 255 	166 104 217 255 	164 102 215 255 	162 109 220 255 	
178 141 221 255 	193 156 236 255 	197 178 227 255 	203 184 233 255 	207 198 225 255 	203 194 221 255 	221 189 254 255 	212 180 245 255 	203 151 251 255 	168 116 216 255 	160 99 203 255 	    155 94 198 255 	    156 100 207 255 	
170 128 216 255 	192 150 238 255 	207 188 231 255 	219 200 243 255 	225 219 230 255 	212 206 217 255 	213 193 246 255 	198 178 231 255 	184 134 242 255 	160 110 218 255 	152 91 189 255 	    149 88 186 255  	148 91 196 255 	
169 139 222 255 	189 159 242 255 	202 192 239 255 	214 204 251 255 	223 220 246 255 	217 214 240 255 	239 213 255 255 	208 182 235 255 	176 125 215 255 	154 103 193 255 	149 85 181 255 	    154 90 186 255  	161 100 204 255 	
173 154 227 255 	189 170 243 255 	198 195 244 255 	211 208 255 255 	218 219 255 255 	221 222 255 255 	238 203 255 255 	204 169 225 255 	168 115 188 255 	148 95 168 255 	    149 78 175 255 	    163 92 189 255  	173 110 212 255 	
174 153 238 255 	182 161 246 255 	183 172 252 255 	190 179 255 255 	193 183 255 255 	197 187 255 255 	217 180 236 255 	191 154 210 255 	168 114 183 255 	156 102 171 255 	163 90 188 255  	181 108 206 255 	190 127 229 255 	
186 148 244 255 	194 156 252 255 	198 163 249 255 	196 161 247 255 	193 158 245 255 	192 157 244 255 	211 141 241 255 	201 131 231 255 	183 123 211 255 	180 120 208 255 	174 126 204 255 	181 133 211 255 	181 137 226 255 	
181 142 240 255 	186 147 245 255 	187 150 242 255 	187 150 242 255 	183 152 227 255 	181 150 225 255 	194 140 237 255 	187 133 230 255 	181 131 219 255 	191 141 229 255 	200 158 236 255 	204 162 240 255 	200 158 246 255 	
174 131 234 255 	174 131 234 255 	172 131 229 255 	172 131 229 255 	170 140 205 255 	169 139 204 255 	175 136 228 255 	175 136 228 255 	178 140 228 255 	186 148 236 255 	195 156 241 255 	194 155 240 255 	188 147 238 255 	
161 118 221 255 	160 117 220 255 	159 118 215 255 	150 109 206 255 	155 121 198 255 	161 127 204 255 	166 121 214 255 	168 123 216 255 	175 130 223 255 	183 138 231 255 	189 146 237 255 	191 148 239 255 	188 145 236 255 	
152 106 212 255 	152 106 212 255 	152 110 205 255 	136 94 189 255 	    148 106 201 255 	160 118 213 255 	163 110 204 255 	166 113 207 255 	173 120 217 255 	178 125 222 255 	179 130 228 255 	184 135 233 255 	184 139 232 255 	
155 109 216 255 	145 99 206 255 	    137 93 194 255 	    119 75 176 255 	    136 92 193 255 	    149 105 206 255 	160 111 209 255 	174 125 223 255 	171 121 221 255 	173 123 223 255 	174 124 226 255 	180 130 232 255 	181 135 231 255 	
161 111 223 255 	157 107 219 255 	155 106 216 255 	142 93 203 255 	    158 109 217 255 	170 121 229 255 	163 119 218 255 	184 140 239 255 	172 128 229 255 	169 125 226 255 	168 119 223 255 	172 123 227 255 	178 129 227 255 	
